[debug] [2020-05-26T10:35:11.232Z] ----------------------------------------------------------------------
[debug] [2020-05-26T10:35:11.235Z] Command:       C:\Program Files\nodejs\node.exe C:\Users\Yaroslav\Desktop\100DaysOfCode\Quiz\node_modules\firebase-tools\lib\bin\firebase.js init
[debug] [2020-05-26T10:35:11.236Z] CLI Version:   8.4.0
[debug] [2020-05-26T10:35:11.236Z] Platform:      win32
[debug] [2020-05-26T10:35:11.236Z] Node Version:  v12.16.1
[debug] [2020-05-26T10:35:11.238Z] Time:          Tue May 26 2020 13:35:11 GMT+0300 (Moscow Standard Time)
[debug] [2020-05-26T10:35:11.238Z] ----------------------------------------------------------------------
[debug] [2020-05-26T10:35:11.239Z] 
[debug] [2020-05-26T10:35:11.249Z] > command requires scopes: ["email","openid","https://www.googleapis.com/auth/cloudplatformprojects.readonly","https://www.googleapis.com/auth/firebase","https://www.googleapis.com/auth/cloud-platform"]
[debug] [2020-05-26T10:35:11.249Z] > authorizing via signed-in user
[info] 
     ######## #### ########  ######## ########     ###     ######  ########
     ##        ##  ##     ## ##       ##     ##  ##   ##  ##       ##
     ######    ##  ########  ######   ########  #########  ######  ######
     ##        ##  ##    ##  ##       ##     ## ##     ##       ## ##
     ##       #### ##     ## ######## ########  ##     ##  ######  ########

You're about to initialize a Firebase project in this directory:

  C:\Users\Yaroslav\Desktop\100DaysOfCode\Quiz

[info] 
=== Project Setup
[info] 
[info] First, let's associate this project directory with a Firebase project.
[info] You can create multiple project aliases by running firebase use --add, 
[info] but for now we'll just set up a default project.
[info] 
